<?xml version="1.0" encoding="UTF-8"?>
<!-- Generated by org.testng.reporters.JUnitXMLReporter -->
<testsuite ignored="0" hostname="Nisha" failures="0" tests="4" name="Default test" time="54.007" errors="0" timestamp="2025-04-04T11:24:54 IST">
  <testcase classname="LearnDataProvide.DataProvide" name="Signin" time="18.266"/>
  <testcase classname="LearnDataProvide.DataProvide" name="Signin" time="14.772"/>
  <testcase classname="LearnDataProvide.DataProvide" name="Signin" time="8.558"/>
  <testcase classname="LearnDataProvide.DataProvide" name="Signin" time="12.329"/>
</testsuite> <!-- Default test -->
