<?xml version="1.0" encoding="UTF-8"?>
<testng-results ignored="0" total="4" passed="4" failed="0" skipped="0">
  <reporter-output>
  </reporter-output>
  <suite started-at="2025-04-04T11:24:00 IST" name="Default suite" finished-at="2025-04-04T11:24:54 IST" duration-ms="54007">
    <groups>
    </groups>
    <test started-at="2025-04-04T11:24:00 IST" name="Default test" finished-at="2025-04-04T11:24:54 IST" duration-ms="54007">
      <class name="LearnDataProvide.DataProvide">
        <test-method signature="Signin([Ljava.lang.String;)[pri:0, instance:LearnDataProvide.DataProvide@1a677343]" started-at="2025-04-04T11:24:00 IST" name="Signin" data-provider="dataSender" finished-at="2025-04-04T11:24:18 IST" duration-ms="18266" status="PASS">
          <params>
            <param index="0">
              <value>
                <![CDATA[[Ljava.lang.String;@51c929ae]]>
              </value>
            </param>
          </params>
          <reporter-output>
          </reporter-output>
        </test-method> <!-- Signin -->
        <test-method signature="Signin([Ljava.lang.String;)[pri:0, instance:LearnDataProvide.DataProvide@1a677343]" started-at="2025-04-04T11:24:18 IST" name="Signin" data-provider="dataSender" finished-at="2025-04-04T11:24:33 IST" duration-ms="14772" status="PASS">
          <params>
            <param index="0">
              <value>
                <![CDATA[[Ljava.lang.String;@255990cc]]>
              </value>
            </param>
          </params>
          <reporter-output>
          </reporter-output>
        </test-method> <!-- Signin -->
        <test-method signature="Signin([Ljava.lang.String;)[pri:0, instance:LearnDataProvide.DataProvide@1a677343]" started-at="2025-04-04T11:24:33 IST" name="Signin" data-provider="dataSender" finished-at="2025-04-04T11:24:42 IST" duration-ms="8558" status="PASS">
          <params>
            <param index="0">
              <value>
                <![CDATA[[Ljava.lang.String;@3c8bdd5b]]>
              </value>
            </param>
          </params>
          <reporter-output>
          </reporter-output>
        </test-method> <!-- Signin -->
        <test-method signature="Signin([Ljava.lang.String;)[pri:0, instance:LearnDataProvide.DataProvide@1a677343]" started-at="2025-04-04T11:24:42 IST" name="Signin" data-provider="dataSender" finished-at="2025-04-04T11:24:54 IST" duration-ms="12329" status="PASS">
          <params>
            <param index="0">
              <value>
                <![CDATA[[Ljava.lang.String;@50b8ae8d]]>
              </value>
            </param>
          </params>
          <reporter-output>
          </reporter-output>
        </test-method> <!-- Signin -->
      </class> <!-- LearnDataProvide.DataProvide -->
    </test> <!-- Default test -->
  </suite> <!-- Default suite -->
</testng-results>
